<?xml version="1.0" encoding="UTF-8"?>
<testsuite xmlns:xsi="http://www.w3.org/2001/XMLSchema-instance" xsi:noNamespaceSchemaLocation="https://maven.apache.org/surefire/maven-surefire-plugin/xsd/surefire-test-report.xsd" name="io.michaelcane.CalculatorSpec" time="0.121" tests="21" errors="0" skipped="0" failures="0">
  <properties>
    <property name="sun.desktop" value="windows"/>
    <property name="awt.toolkit" value="sun.awt.windows.WToolkit"/>
    <property name="java.specification.version" value="11"/>
    <property name="sun.cpu.isalist" value="amd64"/>
    <property name="sun.jnu.encoding" value="GBK"/>
    <property name="java.class.path" value="D:\DevOps\Scientific-Calculator\Calculator\target\test-classes;D:\DevOps\Scientific-Calculator\Calculator\target\classes;C:\Users\zjw-ju\.m2\repository\junit\junit\4.12\junit-4.12.jar;C:\Users\zjw-ju\.m2\repository\org\hamcrest\hamcrest-core\1.3\hamcrest-core-1.3.jar;"/>
    <property name="java.vm.vendor" value="Eclipse Adoptium"/>
    <property name="sun.arch.data.model" value="64"/>
    <property name="user.variant" value=""/>
    <property name="java.vendor.url" value="https://adoptium.net/"/>
    <property name="user.timezone" value="America/New_York"/>
    <property name="java.vm.specification.version" value="11"/>
    <property name="os.name" value="Windows 10"/>
    <property name="sun.java.launcher" value="SUN_STANDARD"/>
    <property name="user.country" value="CN"/>
    <property name="sun.boot.library.path" value="C:\Program Files\Eclipse Adoptium\jdk-11.0.13.8-hotspot\bin"/>
    <property name="sun.java.command" value="C:\Users\zjw-ju\AppData\Local\Temp\surefire4660524264639945671\surefirebooter14331762969860037389.jar C:\Users\zjw-ju\AppData\Local\Temp\surefire4660524264639945671 2022-04-09T07-23-44_486-jvmRun1 surefire5489561770248312628tmp surefire_018284507619055773016tmp"/>
    <property name="jdk.debug" value="release"/>
    <property name="test" value="CalculatorSpec"/>
    <property name="surefire.test.class.path" value="D:\DevOps\Scientific-Calculator\Calculator\target\test-classes;D:\DevOps\Scientific-Calculator\Calculator\target\classes;C:\Users\zjw-ju\.m2\repository\junit\junit\4.12\junit-4.12.jar;C:\Users\zjw-ju\.m2\repository\org\hamcrest\hamcrest-core\1.3\hamcrest-core-1.3.jar;"/>
    <property name="sun.cpu.endian" value="little"/>
    <property name="user.home" value="C:\Users\zjw-ju"/>
    <property name="user.language" value="zh"/>
    <property name="java.specification.vendor" value="Oracle Corporation"/>
    <property name="java.version.date" value="2021-10-19"/>
    <property name="java.home" value="C:\Program Files\Eclipse Adoptium\jdk-11.0.13.8-hotspot"/>
    <property name="file.separator" value="\"/>
    <property name="basedir" value="D:\DevOps\Scientific-Calculator\Calculator"/>
    <property name="java.vm.compressedOopsMode" value="32-bit"/>
    <property name="line.separator" value="&#10;"/>
    <property name="java.specification.name" value="Java Platform API Specification"/>
    <property name="java.vm.specification.vendor" value="Oracle Corporation"/>
    <property name="java.awt.graphicsenv" value="sun.awt.Win32GraphicsEnvironment"/>
    <property name="surefire.real.class.path" value="C:\Users\zjw-ju\AppData\Local\Temp\surefire4660524264639945671\surefirebooter14331762969860037389.jar"/>
    <property name="user.script" value=""/>
    <property name="sun.management.compiler" value="HotSpot 64-Bit Tiered Compilers"/>
    <property name="java.runtime.version" value="11.0.13+8"/>
    <property name="user.name" value="zjw-ju"/>
    <property name="path.separator" value=";"/>
    <property name="os.version" value="10.0"/>
    <property name="java.runtime.name" value="OpenJDK Runtime Environment"/>
    <property name="file.encoding" value="GBK"/>
    <property name="java.vm.name" value="OpenJDK 64-Bit Server VM"/>
    <property name="java.vendor.version" value="Temurin-11.0.13+8"/>
    <property name="localRepository" value="C:\Users\zjw-ju\.m2\repository"/>
    <property name="java.vendor.url.bug" value="https://github.com/adoptium/adoptium-support/issues"/>
    <property name="java.io.tmpdir" value="C:\Users\zjw-ju\AppData\Local\Temp\"/>
    <property name="java.version" value="11.0.13"/>
    <property name="user.dir" value="D:\DevOps\Scientific-Calculator\Calculator"/>
    <property name="os.arch" value="amd64"/>
    <property name="java.vm.specification.name" value="Java Virtual Machine Specification"/>
    <property name="java.awt.printerjob" value="sun.awt.windows.WPrinterJob"/>
    <property name="sun.os.patch.level" value=""/>
    <property name="java.library.path" value="C:\Program Files\Eclipse Adoptium\jdk-11.0.13.8-hotspot\bin;C:\WINDOWS\Sun\Java\bin;C:\WINDOWS\system32;C:\WINDOWS;D:\VMware\bin\;C:\checker-framework-3.19.0\checker\bin;C:\Program Files\Eclipse Adoptium\jdk-11.0.13.8-hotspot\bin;C:\Program Files\Java\jdk1.8.0_131\bin;C:\Program Files (x86)\Intel\iCLS Client\;C:\Program Files\Intel\iCLS Client\;C:\WINDOWS\system32;C:\WINDOWS;C:\WINDOWS\System32\Wbem;C:\WINDOWS\System32\WindowsPowerShell\v1.0\;C:\Program Files (x86)\Intel\Intel(R) Management Engine Components\DAL;C:\Program Files\Intel\Intel(R) Management Engine Components\DAL;C:\Program Files (x86)\Intel\Intel(R) Management Engine Components\IPT;C:\Program Files\Intel\Intel(R) Management Engine Components\IPT;C:\WINDOWS\System32\OpenSSH\;C:\Program Files (x86)\QT Lite\QTSystem;C:\Program Files\Go\bin;C:\Program Files\Git\cmd;C:\Program Files\Intel\WiFi\bin\;C:\Program Files\Common Files\Intel\WirelessCommon\;D:\consul;D:\Gradle\gradle-7.2\bin;C:\Program Files\Docker\Docker\resources\bin;C:\ProgramData\DockerDesktop\version-bin;D:\Program Files\LLVM\bin;D:\Program Files\Nodejs\;C:\Program Files\MySQL\MySQL Server 8.0\bin;D:\Program Files\Vagrant\bin;D:\Program Files\apache-maven-3.8.5\bin;D:\Program Files\PuTTY\;C:\Users\zjw-ju\AppData\Local\Microsoft\WindowsApps;C:\Users\zjw-ju\go\bin;C:\Program Files\JetBrains\GoLand 2019.2.3\bin;;C:\Program Files\Intel\WiFi\bin\;C:\Program Files\Common Files\Intel\WirelessCommon\;D:\Microsoft VS Code\bin;C:\Users\zjw-ju\AppData\Roaming\npm;."/>
    <property name="java.vm.info" value="mixed mode"/>
    <property name="java.vendor" value="Eclipse Adoptium"/>
    <property name="java.vm.version" value="11.0.13+8"/>
    <property name="sun.io.unicode.encoding" value="UnicodeLittle"/>
    <property name="java.class.version" value="55.0"/>
  </properties>
  <testcase name="test$inverseTangent" classname="io.michaelcane.CalculatorSpec" time="0.003"/>
  <testcase name="test$divide" classname="io.michaelcane.CalculatorSpec" time="0"/>
  <testcase name="test$multiply" classname="io.michaelcane.CalculatorSpec" time="0"/>
  <testcase name="test$sin" classname="io.michaelcane.CalculatorSpec" time="0"/>
  <testcase name="test$sum" classname="io.michaelcane.CalculatorSpec" time="0.001"/>
  <testcase name="test$inverseCosin" classname="io.michaelcane.CalculatorSpec" time="0"/>
  <testcase name="test$square" classname="io.michaelcane.CalculatorSpec" time="0"/>
  <testcase name="test$invertPositiveAndNegative" classname="io.michaelcane.CalculatorSpec" time="0"/>
  <testcase name="test$squareRoot" classname="io.michaelcane.CalculatorSpec" time="0.001"/>
  <testcase name="test$inverseLogarithm" classname="io.michaelcane.CalculatorSpec" time="0"/>
  <testcase name="test$inverseSine" classname="io.michaelcane.CalculatorSpec" time="0"/>
  <testcase name="test$cubePositive" classname="io.michaelcane.CalculatorSpec" time="0.001"/>
  <testcase name="test$cubeNegative" classname="io.michaelcane.CalculatorSpec" time="0"/>
  <testcase name="test$cosin" classname="io.michaelcane.CalculatorSpec" time="0"/>
  <testcase name="test$naturalLogarithm" classname="io.michaelcane.CalculatorSpec" time="0.001"/>
  <testcase name="test$logarithm" classname="io.michaelcane.CalculatorSpec" time="0.003"/>
  <testcase name="test$subract" classname="io.michaelcane.CalculatorSpec" time="0.001"/>
  <testcase name="test$variableExponentiation" classname="io.michaelcane.CalculatorSpec" time="0"/>
  <testcase name="test$tangent" classname="io.michaelcane.CalculatorSpec" time="0.001"/>
  <testcase name="test$inverseNaturalLog" classname="io.michaelcane.CalculatorSpec" time="0"/>
  <testcase name="test$factorial" classname="io.michaelcane.CalculatorSpec" time="0"/>
</testsuite>